manifest_merge_blame_file/debug/manifest-merger-blame-debug-report.txt
1<?xml version="1.0" encoding="utf-8"?>
2<manifest xmlns:android="http://schemas.android.com/apk/res/android"
3    package="com.bt.speakpad"
4    android:versionCode="1"
5    android:versionName="1.0" >
6
7    <uses-sdk
8        android:minSdkVersion="18"
8-->src/main/AndroidManifest.xml
9        android:targetSdkVersion="30" />
9-->src/main/AndroidManifest.xml
10
11    <uses-permission android:name="android.permission.ACCESS_NETWORK_STATE" />
11-->src/main/AndroidManifest.xml:5:5-79
11-->src/main/AndroidManifest.xml:5:22-76
12    <uses-permission android:name="android.permission.RECORD_AUDIO" />
12-->src/main/AndroidManifest.xml:6:5-71
12-->src/main/AndroidManifest.xml:6:22-68
13    <uses-permission android:name="android.permission.INTERNET" />
13-->[com.google.firebase:firebase-database:19.3.1] AndroidManifest.xml:26:5-67
13-->[com.google.firebase:firebase-database:19.3.1] AndroidManifest.xml:26:22-64
14
15    <application
15-->src/main/AndroidManifest.xml:8:5-31:19
16        android:allowBackup="true"
16-->src/main/AndroidManifest.xml:9:9-35
17        android:appComponentFactory="androidx.core.app.CoreComponentFactory"
17-->[androidx.core:core:1.3.1] AndroidManifest.xml:24:18-86
18        android:debuggable="true"
19        android:icon="@mipmap/ic_launcher"
19-->src/main/AndroidManifest.xml:10:9-43
20        android:label="@string/app_name"
20-->src/main/AndroidManifest.xml:11:9-41
21        android:roundIcon="@mipmap/ic_launcher_round"
21-->src/main/AndroidManifest.xml:12:9-54
22        android:screenOrientation="portrait"
22-->src/main/AndroidManifest.xml:14:9-45
23        android:supportsRtl="true"
23-->src/main/AndroidManifest.xml:13:9-35
24        android:theme="@style/AppTheme.NoActionBar" >
24-->src/main/AndroidManifest.xml:15:9-52
25        <activity
25-->src/main/AndroidManifest.xml:16:9-141
26            android:name="com.bt.speakpad.ui.activities.Dashboard"
26-->src/main/AndroidManifest.xml:16:19-58
27            android:screenOrientation="portrait"
27-->src/main/AndroidManifest.xml:16:103-139
28            android:theme="@style/AppTheme.NoActionBar" />
28-->src/main/AndroidManifest.xml:16:59-102
29        <activity
29-->src/main/AndroidManifest.xml:17:9-26:20
30            android:name="com.bt.speakpad.ui.activities.SplashActivity"
30-->src/main/AndroidManifest.xml:19:13-57
31            android:screenOrientation="portrait"
31-->src/main/AndroidManifest.xml:18:13-49
32            android:theme="@style/AppTheme.NoActionBar" >
32-->src/main/AndroidManifest.xml:20:13-56
33            <intent-filter>
33-->src/main/AndroidManifest.xml:21:13-25:29
34                <action android:name="android.intent.action.MAIN" />
34-->src/main/AndroidManifest.xml:22:17-69
34-->src/main/AndroidManifest.xml:22:25-66
35
36                <category android:name="android.intent.category.LAUNCHER" />
36-->src/main/AndroidManifest.xml:24:17-77
36-->src/main/AndroidManifest.xml:24:27-74
37            </intent-filter>
38        </activity>
39
40        <meta-data
40-->src/main/AndroidManifest.xml:28:9-30:57
41            android:name="preloaded_fonts"
41-->src/main/AndroidManifest.xml:29:13-43
42            android:resource="@array/preloaded_fonts" />
42-->src/main/AndroidManifest.xml:30:13-54
43
44        <activity
44-->[com.karumi:dexter:4.2.0] AndroidManifest.xml:27:9-29:72
45            android:name="com.karumi.dexter.DexterActivity"
45-->[com.karumi:dexter:4.2.0] AndroidManifest.xml:28:13-60
46            android:theme="@style/Dexter.Internal.Theme.Transparent" />
46-->[com.karumi:dexter:4.2.0] AndroidManifest.xml:29:13-69
47        <activity
47-->[com.google.firebase:firebase-auth:19.3.2] AndroidManifest.xml:24:9-31:50
48            android:name="com.google.firebase.auth.internal.FederatedSignInActivity"
48-->[com.google.firebase:firebase-auth:19.3.2] AndroidManifest.xml:25:13-85
49            android:excludeFromRecents="true"
49-->[com.google.firebase:firebase-auth:19.3.2] AndroidManifest.xml:26:13-46
50            android:exported="true"
50-->[com.google.firebase:firebase-auth:19.3.2] AndroidManifest.xml:27:13-36
51            android:launchMode="singleTask"
51-->[com.google.firebase:firebase-auth:19.3.2] AndroidManifest.xml:28:13-44
52            android:permission="com.google.firebase.auth.api.gms.permission.LAUNCH_FEDERATED_SIGN_IN"
52-->[com.google.firebase:firebase-auth:19.3.2] AndroidManifest.xml:29:13-102
53            android:theme="@android:style/Theme.Translucent.NoTitleBar" />
53-->[com.google.firebase:firebase-auth:19.3.2] AndroidManifest.xml:30:13-72
54
55        <service
55-->[com.google.firebase:firebase-auth:19.3.2] AndroidManifest.xml:33:9-39:19
56            android:name="com.google.firebase.components.ComponentDiscoveryService"
56-->[com.google.firebase:firebase-auth:19.3.2] AndroidManifest.xml:34:13-84
57            android:directBootAware="true"
57-->[com.google.firebase:firebase-common:19.3.0] AndroidManifest.xml:34:13-43
58            android:exported="false" >
58-->[com.google.firebase:firebase-auth:19.3.2] AndroidManifest.xml:35:13-37
59            <meta-data
59-->[com.google.firebase:firebase-auth:19.3.2] AndroidManifest.xml:36:13-38:85
60                android:name="com.google.firebase.components:com.google.firebase.auth.FirebaseAuthRegistrar"
60-->[com.google.firebase:firebase-auth:19.3.2] AndroidManifest.xml:37:17-109
61                android:value="com.google.firebase.components.ComponentRegistrar" />
61-->[com.google.firebase:firebase-auth:19.3.2] AndroidManifest.xml:38:17-82
62            <meta-data
62-->[com.google.firebase:firebase-database:19.3.1] AndroidManifest.xml:32:13-34:85
63                android:name="com.google.firebase.components:com.google.firebase.database.DatabaseRegistrar"
63-->[com.google.firebase:firebase-database:19.3.1] AndroidManifest.xml:33:17-109
64                android:value="com.google.firebase.components.ComponentRegistrar" />
64-->[com.google.firebase:firebase-database:19.3.1] AndroidManifest.xml:34:17-82
65        </service>
66
67        <activity
67-->[com.google.android.gms:play-services-base:17.1.0] AndroidManifest.xml:23:9-26:75
68            android:name="com.google.android.gms.common.api.GoogleApiActivity"
68-->[com.google.android.gms:play-services-base:17.1.0] AndroidManifest.xml:24:13-79
69            android:exported="false"
69-->[com.google.android.gms:play-services-base:17.1.0] AndroidManifest.xml:25:13-37
70            android:theme="@android:style/Theme.Translucent.NoTitleBar" />
70-->[com.google.android.gms:play-services-base:17.1.0] AndroidManifest.xml:26:13-72
71
72        <provider
72-->[com.google.firebase:firebase-common:19.3.0] AndroidManifest.xml:26:9-30:39
73            android:name="com.google.firebase.provider.FirebaseInitProvider"
73-->[com.google.firebase:firebase-common:19.3.0] AndroidManifest.xml:27:13-77
74            android:authorities="com.bt.speakpad.firebaseinitprovider"
74-->[com.google.firebase:firebase-common:19.3.0] AndroidManifest.xml:28:13-72
75            android:exported="false"
75-->[com.google.firebase:firebase-common:19.3.0] AndroidManifest.xml:29:13-37
76            android:initOrder="100" />
76-->[com.google.firebase:firebase-common:19.3.0] AndroidManifest.xml:30:13-36
77
78        <meta-data
78-->[com.google.android.gms:play-services-basement:17.0.0] AndroidManifest.xml:23:9-25:69
79            android:name="com.google.android.gms.version"
79-->[com.google.android.gms:play-services-basement:17.0.0] AndroidManifest.xml:24:13-58
80            android:value="@integer/google_play_services_version" />
80-->[com.google.android.gms:play-services-basement:17.0.0] AndroidManifest.xml:25:13-66
81    </application>
82
83</manifest>